/*C2*/SET SCHEMA PUBLIC
INSERT INTO RESULTS VALUES(7174,8.61668948425558E0,13.460168774209775E0,17.746226478608083E0,0.4741008661868891E0,0.15176333242029397E0,0.10449498604305175E0)
COMMIT
/*C3*/SET SCHEMA PUBLIC
INSERT INTO RESULTS VALUES(7175,8.513981853794803E0,14.793046366589957E0,18.51186274854336E0,0.46089128775849375E0,0.21762154646718176E0,0.14632885778863014E0)
COMMIT
/*C4*/SET SCHEMA PUBLIC
INSERT INTO RESULTS VALUES(7176,8.205438692122334E0,15.813790317610954E0,16.888671061818055E0,0.5194195805111825E0,0.2050180744092131E0,0.08150186698533121E0)
COMMIT
/*C5*/SET SCHEMA PUBLIC
INSERT INTO RESULTS VALUES(7177,8.088936050222845E0,14.97447942343735E0,18.689742760857857E0,0.46606811257144243E0,0.2520771326202209E0,0.16364081644070747E0)
COMMIT
/*C6*/SET SCHEMA PUBLIC
INSERT INTO RESULTS VALUES(7178,8.379427520159792E0,13.608292753184868E0,18.10051575993498E0,0.498929017965548E0,0.16889659057858253E0,0.14744402863687536E0)
COMMIT
/*C7*/SET SCHEMA PUBLIC
INSERT INTO RESULTS VALUES(7179,8.114064111422929E0,14.63356383323143E0,0.0E0,0.3070487534050674E0,0.12462199555613498E0,0.06850293077289023E0)
COMMIT
/*C8*/SET SCHEMA PUBLIC
INSERT INTO RESULTS VALUES(7180,8.495473442971388E0,14.752037979413283E0,0.0E0,0.3668783010465998E0,0.14543779569519283E0,0.08485874260186843E0)
COMMIT
/*C9*/SET SCHEMA PUBLIC
INSERT INTO RESULTS VALUES(7181,8.577804064347403E0,15.236929870622312E0,16.867705348723636E0,0.6173770677339399E0,0.23709920729391037E0,0.17240280288026918E0)
COMMIT
/*C10*/SET SCHEMA PUBLIC
INSERT INTO RESULTS VALUES(7182,8.744735676368453E0,12.38282468684481E0,0.0E0,0.3396073462030722E0,0.10796653917776913E0,0.09307067657091382E0)
COMMIT
/*C11*/SET SCHEMA PUBLIC
INSERT INTO RESULTS VALUES(7183,8.343587859540468E0,13.363160964022988E0,16.991047581886807E0,0.2993055141539453E0,0.11017905184480457E0,0.0872074618434119E0)
COMMIT
/*C12*/SET SCHEMA PUBLIC
INSERT INTO RESULTS VALUES(7184,9.33038107562598E0,12.650803460596642E0,20.05391205896501E0,0.6007804370714739E0,0.16971567474170784E0,0.14219118460704852E0)
COMMIT
/*C13*/SET SCHEMA PUBLIC
INSERT INTO RESULTS VALUES(7185,8.012173938393335E0,14.612534027134643E0,0.0E0,0.39369597866271416E0,0.19357121680525186E0,0.10370128509928012E0)
COMMIT
/*C6*/INSERT INTO RESULTS VALUES(7186,8.008604396763623E0,14.176287498104072E0,22.31631432197018E0,0.4057712292333696E0,0.20791888330552635E0,0.12913523408892671E0)
COMMIT
/*C9*/INSERT INTO RESULTS VALUES(7187,10.138637407011839E0,11.027087415307344E0,19.45730118702299E0,0.41211470232009473E0,0.1062043645474107E0,0.11264494142049307E0)
COMMIT
/*C10*/INSERT INTO RESULTS VALUES(7188,8.039739230062075E0,11.606212679931225E0,18.346239175169682E0,0.5931215027165276E0,0.2028703589963053E0,0.15520391356108462E0)
COMMIT
/*C11*/INSERT INTO RESULTS VALUES(7189,8.396361795387092E0,11.568633178698322E0,19.75500558382294E0,0.23509813027083853E0,0.0722595082592977E0,0.04140394882110321E0)
COMMIT
/*C8*/INSERT INTO RESULTS VALUES(7190,9.070148865180304E0,13.593090526434613E0,19.658411080621168E0,0.5036653094104343E0,0.1660998764734898E0,0.10405622480971434E0)
COMMIT
/*C12*/INSERT INTO RESULTS VALUES(7191,9.272183735489387E0,13.756250071203738E0,16.976768957767423E0,0.7694267921877592E0,0.2842720748780516E0,0.19554484863314062E0)
COMMIT
/*C7*/INSERT INTO RESULTS VALUES(7192,9.36054570315248E0,13.975781990031596E0,0.0E0,0.36995161449645086E0,0.1577678800514042E0,0.06994019205666895E0)
COMMIT
/*C4*/INSERT INTO RESULTS VALUES(7193,8.687188946187606E0,11.576717468284157E0,21.21974898271167E0,0.34254837708080244E0,0.11666618599998187E0,0.13672683293116486E0)
COMMIT
/*C5*/INSERT INTO RESULTS VALUES(7194,8.20811574761863E0,14.775659571558238E0,19.663710231689265E0,0.48310838088799046E0,0.13427979510311105E0,0.11712526750707515E0)
COMMIT
/*C2*/INSERT INTO RESULTS VALUES(7195,8.500292344097517E0,14.945099351092223E0,0.0E0,0.47439995175161276E0,0.16703240380004286E0,0.051095038205184774E0)
COMMIT
/*C13*/INSERT INTO RESULTS VALUES(7196,8.285627582760746E0,13.494981740227034E0,19.88002262116599E0,0.47712835307802803E0,0.1818707773563865E0,0.19930151054018022E0)
COMMIT
/*C3*/INSERT INTO RESULTS VALUES(7197,8.727346513976164E0,12.39456752595461E0,20.124137864847555E0,0.6246424660698716E0,0.23119027865782388E0,0.22869845363406396E0)
COMMIT
/*C6*/INSERT INTO RESULTS VALUES(7198,8.359432224605504E0,11.081518171288447E0,13.823463762560836E0,0.43469047567948627E0,0.15762680023041256E0,0.14882503841055128E0)
COMMIT
/*C9*/INSERT INTO RESULTS VALUES(7199,8.881240584256343E0,14.874806937306452E0,0.0E0,0.2980284753016413E0,0.11477578905456416E0,0.06306337804676736E0)
COMMIT
/*C11*/INSERT INTO RESULTS VALUES(7200,9.38826949771297E0,13.610289248820324E0,22.073962893383023E0,0.631433233832029E0,0.21507563643410174E0,0.13537307016229547E0)
COMMIT
/*C10*/INSERT INTO RESULTS VALUES(7201,8.398748027566318E0,13.29238258658774E0,21.48831508465195E0,0.28294309706791887E0,0.11067418383205284E0,0.0813108023073398E0)
COMMIT
/*C12*/INSERT INTO RESULTS VALUES(7202,9.669093267547373E0,13.032378656170716E0,17.59475741060454E0,0.5953034723691435E0,0.1871330530558857E0,0.17651109701510662E0)
COMMIT
/*C8*/INSERT INTO RESULTS VALUES(7203,8.630298046629793E0,15.412845280166586E0,0.0E0,0.29348759578494904E0,0.0597611109976135E0,0.02109120502593204E0)
COMMIT
/*C7*/INSERT INTO RESULTS VALUES(7204,8.328141671858067E0,13.977519507860585E0,19.62465540510362E0,0.4560963667690066E0,0.15632528809448112E0,0.09459431294253512E0)
COMMIT
/*C5*/INSERT INTO RESULTS VALUES(7205,7.83607710164607E0,14.10600363961091E0,14.551674537947756E0,0.3376358950034234E0,0.1316560339697018E0,0.12983594425334408E0)
COMMIT
/*C2*/INSERT INTO RESULTS VALUES(7206,8.917867806736242E0,12.018292117618122E0,0.0E0,0.5567960814083537E0,0.17125642593035936E0,0.03277877504081957E0)
COMMIT
/*C4*/INSERT INTO RESULTS VALUES(7207,8.557562225152532E0,12.855879790127386E0,18.516875095323137E0,0.4792234846085418E0,0.15886002355228604E0,0.10024921192059545E0)
COMMIT
/*C3*/INSERT INTO RESULTS VALUES(7208,8.22298597633116E0,13.959634693480215E0,18.099202542151307E0,0.4607925088736935E0,0.20835841640809766E0,0.19548209400961544E0)
COMMIT
/*C13*/INSERT INTO RESULTS VALUES(7209,9.185861129101536E0,16.84370523017126E0,0.0E0,0.48250960725354036E0,0.12936592672147873E0,0.008026831597810593E0)
COMMIT
/*C6*/INSERT INTO RESULTS VALUES(7210,8.786964818155584E0,15.409795072078442E0,0.0E0,0.5239992292766511E0,0.16269952445753166E0,0.034218901015334015E0)
COMMIT
/*C10*/INSERT INTO RESULTS VALUES(7211,9.064909730726187E0,13.617361102657265E0,16.94137546408583E0,0.6687889606040701E0,0.2688539346426952E0,0.175370527280439E0)
COMMIT
/*C9*/INSERT INTO RESULTS VALUES(7212,9.769738268649071E0,11.888407885046824E0,15.520646608884409E0,0.4722921586182408E0,0.12997605598855155E0,0.054638294594341774E0)
COMMIT
/*C11*/INSERT INTO RESULTS VALUES(7213,8.679286249134806E0,14.607833017781397E0,14.511904470068854E0,0.522409819128127E0,0.18724604656159258E0,0.10784868626021316E0)
COMMIT
/*C12*/INSERT INTO RESULTS VALUES(7214,7.856232899831546E0,11.99488575462481E0,18.09957993395176E0,0.3171564601429976E0,0.14316001950761265E0,0.07716181891080415E0)
COMMIT
/*C8*/INSERT INTO RESULTS VALUES(7215,8.857060051750684E0,14.35738969945861E0,24.468143233146552E0,0.3117240973206073E0,0.14620416422935992E0,0.09282334660838254E0)
COMMIT
/*C7*/INSERT INTO RESULTS VALUES(7216,8.22542860327451E0,15.022461655413805E0,16.43874324223682E0,0.4828239655813225E0,0.21412001938677838E0,0.09887241864003975E0)
COMMIT
/*C5*/INSERT INTO RESULTS VALUES(7217,8.66313482953106E0,10.366237677153777E0,20.18575467218517E0,0.5389985527855221E0,0.15670082713747974E0,0.14531169338600466E0)
COMMIT
/*C2*/INSERT INTO RESULTS VALUES(7218,8.54587187768318E0,17.92631842234265E0,0.0E0,0.5026304606878812E0,0.235525324737585E0,0.10111579221409588E0)
COMMIT
/*C3*/INSERT INTO RESULTS VALUES(7219,8.333333697578462E0,13.381801036203992E0,0.0E0,0.4204848791297294E0,0.16262481508822937E0,0.027060242899423492E0)
COMMIT
/*C4*/INSERT INTO RESULTS VALUES(7220,8.044304151879045E0,13.523250508552685E0,19.148995094761478E0,0.5363456096036818E0,0.1852250969706308E0,0.13501313102856363E0)
COMMIT
/*C13*/INSERT INTO RESULTS VALUES(7221,8.26470409330901E0,14.442698680320184E0,16.938747419696416E0,0.4243284014863985E0,0.17779134631418533E0,0.1930455750544792E0)
COMMIT
/*C6*/INSERT INTO RESULTS VALUES(7222,8.329621819413573E0,12.405278453058783E0,18.141737187106788E0,0.3539691730996205E0,0.07752391208640824E0,0.048009392130028854E0)
COMMIT
/*C10*/INSERT INTO RESULTS VALUES(7223,7.9259045842124305E0,16.073846387888086E0,21.392218628149468E0,0.4346992042452199E0,0.16517545810408496E0,0.10125596695996981E0)
COMMIT
/*C5*/INSERT INTO RESULTS VALUES(7224,8.71388874498321E0,14.075319015188304E0,19.18364203473588E0,0.5993626998189229E0,0.20033705527844844E0,0.23696358666245562E0)
COMMIT
/*C2*/INSERT INTO RESULTS VALUES(7225,8.63578077043392E0,15.112146317759665E0,13.969030530374944E0,0.507369875442546E0,0.19943181992440973E0,0.049611834083438715E0)
COMMIT
/*C7*/INSERT INTO RESULTS VALUES(7226,8.053403280778854E0,14.671717482785377E0,22.807782232515976E0,0.5519108897701944E0,0.26503814279468685E0,0.19056181333342861E0)
COMMIT
/*C9*/INSERT INTO RESULTS VALUES(7227,8.883205669362649E0,18.470380048449858E0,0.0E0,0.32819824228759226E0,0.17232118284710232E0,0.04865009491043188E0)
COMMIT
/*C12*/INSERT INTO RESULTS VALUES(7228,8.405836151115857E0,12.302784413504732E0,20.48876404373817E0,0.43731152029237136E0,0.16061565608256387E0,0.12956750781583612E0)
COMMIT
/*C4*/INSERT INTO RESULTS VALUES(7229,8.279221220409616E0,18.504286451970582E0,0.0E0,0.23634029700264675E0,0.12438694442309507E0,0.04033514653636292E0)
COMMIT
/*C3*/INSERT INTO RESULTS VALUES(7230,8.832833627880275E0,15.0342386162505E0,14.788489729593596E0,0.3961493279173949E0,0.14754944942039852E0,0.10734728958187112E0)
COMMIT
/*C11*/INSERT INTO RESULTS VALUES(7231,8.41281378988695E0,13.101350749604165E0,19.667232304441267E0,0.5733846925150005E0,0.23907023568242364E0,0.24394299876440653E0)
COMMIT
/*C8*/INSERT INTO RESULTS VALUES(7232,8.869945001074274E0,13.554993872652261E0,15.852229386770409E0,0.4377398683283841E0,0.16700519034867856E0,0.039034072949066335E0)
COMMIT
/*C10*/INSERT INTO RESULTS VALUES(7233,8.747389852014788E0,14.472637215575892E0,0.0E0,0.5876728832774277E0,0.20189935081642557E0,0.09736892851833519E0)
COMMIT
/*C13*/INSERT INTO RESULTS VALUES(7234,9.175998282846283E0,13.704172153214687E0,17.024124776344262E0,0.4164552641322462E0,0.09642354561679481E0,0.05674708258781421E0)
COMMIT
/*C6*/INSERT INTO RESULTS VALUES(7235,8.074145530131696E0,16.21388056703266E0,16.908746265409636E0,0.38952305971518675E0,0.19598019643840997E0,0.0754248867201723E0)
COMMIT
/*C2*/INSERT INTO RESULTS VALUES(7236,8.549681689353358E0,15.541384397520094E0,21.715700764216773E0,0.3863395574942164E0,0.09810182727017304E0,0.036192834607027956E0)
COMMIT
/*C5*/INSERT INTO RESULTS VALUES(7237,8.607992401445179E0,16.48415866405697E0,17.22825022998863E0,0.42094331937781854E0,0.14033867511802287E0,0.07351590792863295E0)
COMMIT
/*C3*/INSERT INTO RESULTS VALUES(7238,8.679525219606596E0,15.24651191312473E0,17.31272892857656E0,0.5924361981638184E0,0.2592479286740784E0,0.19447963002709678E0)
COMMIT
/*C7*/INSERT INTO RESULTS VALUES(7239,8.195108163913853E0,12.827114039051015E0,19.199921189292E0,0.5307461106535811E0,0.18954695621386256E0,0.09756753389373558E0)
COMMIT
/*C9*/INSERT INTO RESULTS VALUES(7240,8.383925467904767E0,14.834095998393611E0,21.045847316442277E0,0.3773868234859346E0,0.13226867723744784E0,0.06984875540171732E0)
COMMIT
/*C12*/INSERT INTO RESULTS VALUES(7241,9.151227214000393E0,14.51457953758884E0,19.01799297505419E0,0.7748752260965386E0,0.2768638947983561E0,0.1644278679304808E0)
COMMIT
/*C11*/INSERT INTO RESULTS VALUES(7242,8.75072207107006E0,13.65755334334215E0,17.914540718378756E0,0.4844297162106642E0,0.20114819813912188E0,0.10399693237286563E0)
COMMIT
/*C6*/INSERT INTO RESULTS VALUES(7243,8.389449801120547E0,14.506607555010548E0,0.0E0,0.43625138965826843E0,0.14159113028781503E0,0.09238053801324154E0)
COMMIT
/*C4*/INSERT INTO RESULTS VALUES(7244,8.402078062545435E0,14.966950891901767E0,17.815336311488434E0,0.4838796193850269E0,0.1847189614747271E0,0.1554749310932875E0)
COMMIT
/*C10*/INSERT INTO RESULTS VALUES(7245,8.66992177559418E0,15.628089990323584E0,0.0E0,0.34029756277039125E0,0.14546578621409295E0,0.052819858960220234E0)
COMMIT
/*C13*/INSERT INTO RESULTS VALUES(7246,8.663747313647978E0,13.698132023951596E0,0.0E0,0.28221987816410354E0,0.1425550263060114E0,0.04741201667922656E0)
COMMIT
/*C8*/INSERT INTO RESULTS VALUES(7247,8.046999618272297E0,15.41910571818659E0,17.609643959945362E0,0.43287227781905513E0,0.23658637232737523E0,0.19474276403038204E0)
COMMIT
/*C2*/INSERT INTO RESULTS VALUES(7248,8.019427289857301E0,17.077277596853698E0,17.250154715339523E0,0.4345447695807015E0,0.21221268942437552E0,0.11060199293586363E0)
COMMIT
/*C7*/INSERT INTO RESULTS VALUES(7249,8.822242521186833E0,16.10856425671684E0,19.127549128527907E0,0.5086078634559712E0,0.21174278807470073E0,0.1926123486063497E0)
COMMIT
/*C3*/INSERT INTO RESULTS VALUES(7250,9.35402041236954E0,15.53631488197527E0,13.431385242457328E0,0.3814097979873373E0,0.1477992928094333E0,0.07300888746778893E0)
COMMIT
/*C5*/INSERT INTO RESULTS VALUES(7251,8.566858690209406E0,14.23206905534292E0,16.18856513778042E0,0.4575148004396805E0,0.1474688644590193E0,0.11950156345722797E0)
COMMIT
/*C12*/INSERT INTO RESULTS VALUES(7252,8.663699726531204E0,13.7444377747609E0,17.783059238106418E0,0.541146964930552E0,0.22528783221937637E0,0.1673257418225403E0)
COMMIT
/*C11*/INSERT INTO RESULTS VALUES(7253,8.290113176065518E0,15.337047248946186E0,20.602260924426936E0,0.5753826402014093E0,0.24084383896214678E0,0.19726727231162924E0)
COMMIT
/*C10*/INSERT INTO RESULTS VALUES(7254,8.407100547114812E0,11.711599125571343E0,18.433000957470963E0,0.2990627075499107E0,0.09924614113706705E0,0.12073591595704979E0)
COMMIT
/*C4*/INSERT INTO RESULTS VALUES(7255,8.365117755797058E0,18.93455501142407E0,21.369456806359032E0,0.4052950224428019E0,0.19144931502274798E0,0.08216180220958409E0)
COMMIT
/*C9*/INSERT INTO RESULTS VALUES(7256,9.108883470704107E0,14.358551187127558E0,13.925117981683346E0,0.48260166149031825E0,0.14487493255577097E0,0.08219670376158333E0)
COMMIT
/*C8*/INSERT INTO RESULTS VALUES(7257,8.62654865260007E0,13.70327955941478E0,15.716667285817213E0,0.5630199432867894E0,0.1966325222072792E0,0.15267190894302668E0)
COMMIT
/*C6*/INSERT INTO RESULTS VALUES(7258,8.792592617568152E0,17.76651496060015E0,17.44550072472098E0,0.4487875910155473E0,0.2152898578427098E0,0.10889514797929682E0)
COMMIT
/*C13*/INSERT INTO RESULTS VALUES(7259,8.884756619094228E0,13.21295103701902E0,22.06351624838754E0,0.4859236897529806E0,0.14288824903148603E0,0.11744463148551883E0)
COMMIT
/*C7*/INSERT INTO RESULTS VALUES(7260,9.060214960213964E0,13.636323727656032E0,18.26622385187256E0,0.7463799308952769E0,0.31164707464491986E0,0.2324793496925066E0)
COMMIT
/*C12*/INSERT INTO RESULTS VALUES(7261,7.857184007790156E0,17.896847255885337E0,17.098099646395173E0,0.3765906981018795E0,0.17672644972808305E0,0.09002287740022837E0)
COMMIT
/*C2*/INSERT INTO RESULTS VALUES(7262,8.929992790184059E0,13.58023205378081E0,19.5563459182331E0,0.4226122286994521E0,0.13116385337747863E0,0.06476198769857434E0)
COMMIT
/*C5*/INSERT INTO RESULTS VALUES(7263,8.592303053152998E0,14.444825845905035E0,16.468478973387008E0,0.5615351561094644E0,0.23441097463634689E0,0.15149952711637324E0)
COMMIT
/*C6*/INSERT INTO RESULTS VALUES(7264,8.311190198543803E0,14.315478581694666E0,17.22257385718111E0,0.39893712953010263E0,0.1837766988124048E0,0.15391157712348177E0)
COMMIT
/*C10*/INSERT INTO RESULTS VALUES(7265,8.580609651929832E0,12.382995300039703E0,19.005604243558714E0,0.43328687045008457E0,0.16466368135030518E0,0.10656178342266016E0)
COMMIT
/*C3*/INSERT INTO RESULTS VALUES(7266,8.450726577193096E0,17.17983443141539E0,16.00697898728124E0,0.3787706482721063E0,0.15464178627544378E0,0.038580034796287736E0)
COMMIT
/*C11*/INSERT INTO RESULTS VALUES(7267,8.026658286981037E0,14.27294749584392E0,0.0E0,0.4541356553292516E0,0.1763247418405286E0,0.08463614575428839E0)
COMMIT
/*C9*/INSERT INTO RESULTS VALUES(7268,8.144940948156403E0,15.663618235689626E0,18.71381996059995E0,0.3273900346239699E0,0.1153345437412489E0,0.06416043655698246E0)
COMMIT
/*C4*/INSERT INTO RESULTS VALUES(7269,8.771945256970424E0,11.969499895371195E0,20.36366265418986E0,0.38834322801194227E0,0.090631269050108E0,0.07469549687694077E0)
COMMIT
/*C8*/INSERT INTO RESULTS VALUES(7270,8.10855235133302E0,13.35672534787203E0,19.707530991675807E0,0.38822447197045407E0,0.15073993878994868E0,0.09959906558811928E0)
COMMIT
/*C13*/INSERT INTO RESULTS VALUES(7271,7.896623112748855E0,15.625851406527357E0,20.076218267660927E0,0.492840303177479E0,0.2510700639836473E0,0.17650520941450185E0)
COMMIT
/*C7*/INSERT INTO RESULTS VALUES(7272,8.491470313906989E0,13.449963990352698E0,20.42444582210628E0,0.6099325641348323E0,0.21003025962743854E0,0.1501805152743572E0)
COMMIT
/*C12*/INSERT INTO RESULTS VALUES(7273,8.561568736081563E0,15.090861064575877E0,17.54197446475541E0,0.2874506357189238E0,0.1089789994175173E0,0.0679330747246767E0)
COMMIT
/*C2*/INSERT INTO RESULTS VALUES(7274,9.53275753600261E0,16.929014045410245E0,0.0E0,0.6503716593499874E0,0.31417269757417926E0,0.06591466696586329E0)
COMMIT
/*C9*/INSERT INTO RESULTS VALUES(7275,8.94896772137766E0,13.214903565721771E0,19.655451677450216E0,0.5082452368706455E0,0.17619871420962363E0,0.07714702213345027E0)
COMMIT
/*C11*/INSERT INTO RESULTS VALUES(7276,8.785046741245395E0,14.796661964803118E0,17.45358122742335E0,0.5352104833187444E0,0.23797017781407273E0,0.17964324261141673E0)
COMMIT
/*C6*/INSERT INTO RESULTS VALUES(7277,8.460716033156936E0,13.052095437645436E0,16.39489720055491E0,0.5161287629225028E0,0.19256841283788523E0,0.14229645576403904E0)
COMMIT
/*C3*/INSERT INTO RESULTS VALUES(7278,8.999938338580394E0,14.495937235881994E0,18.999506479968733E0,0.32399778018889436E0,0.07780746615304772E0,0.031665844133281225E0)
COMMIT
/*C13*/INSERT INTO RESULTS VALUES(7279,9.088666826322143E0,15.592702699048829E0,0.0E0,0.3271920057475971E0,0.1449242613835142E0,0.04564718324028999E0)
COMMIT
/*C8*/INSERT INTO RESULTS VALUES(7280,9.47465537525435E0,12.627791969113671E0,18.35986290925115E0,0.5859856789723004E0,0.20264029966827588E0,0.1998922800191382E0)
COMMIT
/*C5*/INSERT INTO RESULTS VALUES(7281,9.57578610027176E0,12.699318016293118E0,19.146358971736433E0,0.5712041880988133E0,0.27044518871844314E0,0.21893165650597732E0)
COMMIT
/*C10*/INSERT INTO RESULTS VALUES(7282,7.834010147540058E0,16.69194129814822E0,0.0E0,0.2967727534858738E0,0.17142653626282303E0,0.13093734781269153E0)
COMMIT
/*C4*/INSERT INTO RESULTS VALUES(7283,8.246138906818476E0,11.976551656195287E0,17.394738048604214E0,0.46178377878183463E0,0.15957716058925675E0,0.1519918209050878E0)
COMMIT
/*C12*/INSERT INTO RESULTS VALUES(7284,8.355254533960693E0,16.526547324767584E0,17.30300801601064E0,0.5421585066325257E0,0.277634060133826E0,0.17352237830833703E0)
COMMIT
/*C7*/INSERT INTO RESULTS VALUES(7285,8.967373019201185E0,16.167858190775323E0,18.0237249142281E0,0.5675855616652562E0,0.21953152222581776E0,0.07578199901591053E0)
COMMIT
/*C2*/INSERT INTO RESULTS VALUES(7286,8.618966245500781E0,10.760777883141309E0,18.89031728098862E0,0.37743243235482404E0,0.09259590117796797E0,0.0944515864049431E0)
COMMIT
/*C5*/INSERT INTO RESULTS VALUES(7287,8.547176036315559E0,14.780573475820164E0,0.0E0,0.40942577692162707E0,0.17341877138603526E0,0.09137776161357514E0)
COMMIT
/*C9*/INSERT INTO RESULTS VALUES(7288,8.042058818946352E0,15.91125340954338E0,19.179078542909036E0,0.23497480226693565E0,0.1224113469352091E0,0.09688433877781195E0)
COMMIT
/*C3*/INSERT INTO RESULTS VALUES(7289,8.574530127561266E0,11.20808834457502E0,17.642882518967117E0,0.6573898421339051E0,0.19862065807198095E0,0.1698037569363283E0)
COMMIT
/*C13*/INSERT INTO RESULTS VALUES(7290,8.21245897423138E0,16.59342871545544E0,0.0E0,0.3284983589692553E0,0.1754291705046825E0,0.05501502864743631E0)
COMMIT
/*C10*/INSERT INTO RESULTS VALUES(7291,8.159976303600308E0,12.492576946869045E0,19.77535092429665E0,0.31671508953800903E0,0.08922095852220312E0,0.0631812056021879E0)
COMMIT
/*C8*/INSERT INTO RESULTS VALUES(7292,8.48991514579387E0,11.796619573027387E0,0.0E0,0.5710767359349253E0,0.14511338989712697E0,0.08965103551271658E0)
COMMIT
/*C11*/INSERT INTO RESULTS VALUES(7293,8.761980277641754E0,15.30368738395232E0,16.255165656025373E0,0.5126688315158896E0,0.23336288478699105E0,0.09912332841037541E0)
COMMIT
/*C4*/INSERT INTO RESULTS VALUES(7294,8.280124746871866E0,14.543341102675829E0,18.88571689940259E0,0.3920176195513877E0,0.1405982534487488E0,0.09862003464700042E0)
COMMIT
/*C6*/INSERT INTO RESULTS VALUES(7295,8.447612265159348E0,15.710497133067731E0,18.044805590932658E0,0.5421473423798471E0,0.26332267303070545E0,0.13326433742254812E0)
COMMIT
/*C12*/INSERT INTO RESULTS VALUES(7296,8.174797672777343E0,15.644704645680173E0,0.0E0,0.3378130711022552E0,0.17510580842225004E0,0.028561659598906376E0)
COMMIT
/*C7*/INSERT INTO RESULTS VALUES(7297,8.254033882990093E0,14.382658297279878E0,0.0E0,0.3775267003195646E0,0.12972252691540961E0,0.032735296811047594E0)
COMMIT
/*C2*/INSERT INTO RESULTS VALUES(7298,8.320807579846724E0,14.030176731662985E0,15.923988371341734E0,0.3972145654297926E0,0.1988662040784758E0,0.1627970719501764E0)
COMMIT
/*C9*/INSERT INTO RESULTS VALUES(7299,9.089512235980822E0,13.604217265731295E0,19.392030417842005E0,0.5749138231031894E0,0.20042217874896695E0,0.17697186614372348E0)
COMMIT
/*C12*/INSERT INTO RESULTS VALUES(7300,8.731758465654442E0,15.458498389535002E0,0.0E0,0.3950004907560801E0,0.17525096132131399E0,0.12256832930933166E0)
COMMIT
/*C5*/INSERT INTO RESULTS VALUES(7301,8.687749862854755E0,14.535870669909945E0,18.448660161712876E0,0.48068642525817024E0,0.18541459944493704E0,0.13265268522485815E0)
COMMIT
/*C10*/INSERT INTO RESULTS VALUES(7302,8.38485780111726E0,13.93973208543463E0,16.298353867614527E0,0.5788456360781621E0,0.28334394229363435E0,0.21571745069664572E0)
COMMIT
/*C13*/INSERT INTO RESULTS VALUES(7303,8.537285373445604E0,15.306759304285775E0,18.37712524074441E0,0.7674552581493649E0,0.29245145391867167E0,0.202244507264184E0)
COMMIT
/*C3*/INSERT INTO RESULTS VALUES(7304,7.953179183110361E0,13.952034125948407E0,17.164083270801893E0,0.36133249481370094E0,0.16290076816001656E0,0.12239842665911155E0)
COMMIT
/*C6*/INSERT INTO RESULTS VALUES(7305,8.034242514341383E0,13.675846703789727E0,19.172339728935672E0,0.5238902854189922E0,0.21317498324567888E0,0.15428252827976496E0)
COMMIT
/*C8*/INSERT INTO RESULTS VALUES(7306,8.464686831692678E0,19.451422851359673E0,0.0E0,0.37908092914524205E0,0.11666955059785956E0,0.04427376617313144E0)
COMMIT
/*C11*/INSERT INTO RESULTS VALUES(7307,8.198428803545575E0,14.351916844394681E0,16.24354030027731E0,0.29521645868808466E0,0.12793264724832726E0,0.08530006974078004E0)
COMMIT
/*C4*/INSERT INTO RESULTS VALUES(7308,8.624962514308708E0,14.825325931076238E0,23.242172950690154E0,0.44794065150370993E0,0.18926148212082636E0,0.10122370881486593E0)
COMMIT
/*C7*/INSERT INTO RESULTS VALUES(7309,8.651988343790089E0,13.616358914183015E0,0.0E0,0.3460795337516035E0,0.14774733296722084E0,0.062337993852516545E0)
COMMIT
/*C12*/INSERT INTO RESULTS VALUES(7310,8.647043694119633E0,15.78957465757668E0,16.132906944023087E0,0.5650838624265828E0,0.2549252486047634E0,0.11630784778907723E0)
COMMIT
/*C2*/INSERT INTO RESULTS VALUES(7311,8.98116993972376E0,13.025480991171074E0,22.115017634495455E0,0.4315727953975002E0,0.14408026677221725E0,0.14957187599113728E0)
COMMIT
/*C13*/INSERT INTO RESULTS VALUES(7312,8.20911528647132E0,13.397280159666183E0,15.973643732087007E0,0.39403753375062334E0,0.13998677106159382E0,0.10112032784074408E0)
COMMIT
/*C9*/INSERT INTO RESULTS VALUES(7313,10.667698531071377E0,12.661245521887832E0,16.95385135820195E0,0.7794148238585411E0,0.25680758779112467E0,0.1761044457245323E0)
COMMIT
/*C5*/INSERT INTO RESULTS VALUES(7314,9.83299422822565E0,13.02491777226288E0,15.250515942693808E0,0.6850278278637619E0,0.25943723591897716E0,0.1841453455023654E0)
COMMIT
/*C3*/INSERT INTO RESULTS VALUES(7315,8.3131833579891E0,12.588221235090566E0,0.0E0,0.42102175204403014E0,0.1583443230649299E0,0.059961216319254364E0)
COMMIT
/*C8*/INSERT INTO RESULTS VALUES(7316,8.985498524897643E0,14.69972496728081E0,19.153088997069954E0,0.43462806959892103E0,0.19122321638229647E0,0.159470096724853E0)
COMMIT
/*C11*/INSERT INTO RESULTS VALUES(7317,8.733736281176395E0,11.899171915274534E0,16.23973075715814E0,0.42463703129153296E0,0.14820156120276765E0,0.08408157761341613E0)
COMMIT
/*C10*/INSERT INTO RESULTS VALUES(7318,8.124424508777674E0,15.259898088363903E0,17.20788294957659E0,0.42314099704449737E0,0.1538954036768891E0,0.14077355713063172E0)
COMMIT
/*C6*/INSERT INTO RESULTS VALUES(7319,8.545595988221448E0,15.895431811378037E0,16.635704732772567E0,0.26162175449333086E0,0.10652795741788222E0,0.07916037975984096E0)
COMMIT
/*C4*/INSERT INTO RESULTS VALUES(7320,8.63656892414661E0,14.716740803187093E0,20.777797090148017E0,0.34842818424436406E0,0.17906848172425874E0,0.07520174009609167E0)
COMMIT
/*C7*/INSERT INTO RESULTS VALUES(7321,7.797294806930647E0,14.535320958684682E0,19.916414449824078E0,0.3265583326073934E0,0.13924625506623653E0,0.10599917558604573E0)
COMMIT
/*C12*/INSERT INTO RESULTS VALUES(7322,8.804221496153307E0,13.75531671296094E0,18.198332198277466E0,0.6960896534846903E0,0.28381085371777576E0,0.12475796602755303E0)
COMMIT
/*C2*/INSERT INTO RESULTS VALUES(7323,9.119779840385503E0,13.597522850854096E0,0.0E0,0.36299564974329723E0,0.16317027421024918E0,0.09394106954938951E0)
COMMIT
DISCONNECT
/*C4*/DISCONNECT
/*C5*/DISCONNECT
/*C6*/DISCONNECT
/*C8*/DISCONNECT
/*C13*/DISCONNECT
/*C11*/DISCONNECT
/*C10*/DISCONNECT
/*C12*/DISCONNECT
/*C9*/DISCONNECT
/*C3*/DISCONNECT
/*C7*/DISCONNECT
/*C14*/SET SCHEMA PUBLIC
DISCONNECT
